<?xml version="1.0" encoding="UTF-8"?>
<!-- Generated by org.testng.reporters.JUnitReportReporter -->
<testsuite skipped="0" hostname="BLR131800121403" name="LearningMaven.MvnTutorial.APITest" tests="2" failures="0" timestamp="2021-01-10T00:14:30 IST" time="0.003" errors="0">
  <testcase name="Rest" time="0.000" classname="LearningMaven.MvnTutorial.APITest"/>
  <system-out/>
  <testcase name="Postman" time="0.003" classname="LearningMaven.MvnTutorial.APITest"/>
  <system-out/>
</testsuite> <!-- LearningMaven.MvnTutorial.APITest -->
