<?xml version="1.0" encoding="UTF-8"?>
<!-- Generated by org.testng.reporters.JUnitReportReporter -->
<testsuite skipped="0" hostname="BLR131800121403" name="Tutorial.Two" tests="2" failures="0" timestamp="04 Jan 2021 12:53:13 GMT" time="0.005" errors="0">
  <testcase name="test11" time="0.002" classname="Tutorial.Two"/>
  <testcase name="test10" time="0.003" classname="Tutorial.Two"/>
</testsuite> <!-- Tutorial.Two -->
