<?xml version="1.0" encoding="UTF-8"?>
<!-- Generated by org.testng.reporters.JUnitReportReporter -->
<testsuite skipped="0" hostname="BLR131800121403" name="Tutorial.DataSupport" tests="6" failures="0" timestamp="03 Jan 2021 15:38:43 GMT" time="0.043" errors="0">
  <testcase name="loan3" time="0.003" classname="Tutorial.DataSupport"/>
  <testcase name="loan" time="0.013" classname="Tutorial.DataSupport"/>
  <testcase name="loan3" time="0.008" classname="Tutorial.DataSupport"/>
  <testcase name="loan2" time="0.001" classname="Tutorial.DataSupport"/>
  <testcase name="loan4" time="0.010" classname="Tutorial.DataSupport"/>
  <testcase name="loan3" time="0.008" classname="Tutorial.DataSupport"/>
</testsuite> <!-- Tutorial.DataSupport -->
