<?xml version="1.0" encoding="UTF-8"?>
<!-- Generated by org.testng.reporters.JUnitReportReporter -->
<testsuite skipped="1" hostname="BLR131800121403" name="Tutorial.Four" tests="6" failures="0" timestamp="04 Jan 2021 12:53:13 GMT" time="0.018" errors="0">
  <testcase name="X2est5" time="0.009" classname="Tutorial.Four"/>
  <testcase name="test6" time="0.003" classname="Tutorial.Four"/>
  <testcase name="test4" time="0.002" classname="Tutorial.Four"/>
  <testcase name="test31" time="0.002" classname="Tutorial.Four"/>
  <testcase name="Xest5" time="0.002" classname="Tutorial.Four"/>
  <testcase name="test32" classname="Tutorial.Four">
    <skipped/>
  </testcase> <!-- test32 -->
</testsuite> <!-- Tutorial.Four -->
