<?xml version="1.0" encoding="UTF-8"?>
<!-- Generated by org.testng.reporters.JUnitReportReporter -->
<testsuite skipped="0" hostname="BLR131800121403" name="Tutorial.Three" tests="1" failures="0" timestamp="01 Jan 2021 12:05:54 GMT" time="0.009" errors="0">
  <testcase name="test8" time="0.009" classname="Tutorial.Three"/>
</testsuite> <!-- Tutorial.Three -->
