<?xml version="1.0" encoding="UTF-8"?>
<!-- Generated by org.testng.reporters.JUnitReportReporter -->
<testsuite skipped="0" hostname="BLR131800121403" name="LearningMaven.MvnTutorial.AppTest" tests="1" failures="0" timestamp="2021-01-09T23:20:40 IST" time="0.021" errors="0">
  <testcase name="testApp" time="0.021" classname="LearningMaven.MvnTutorial.AppTest"/>
  <system-out/>
</testsuite> <!-- LearningMaven.MvnTutorial.AppTest -->
