<?xml version="1.0" encoding="UTF-8"?>
<!-- Generated by org.testng.reporters.JUnitReportReporter -->
<testsuite skipped="0" hostname="BLR131800121403" name="LearningMaven.MvnTutorial.SelniumTest" tests="2" failures="0" timestamp="2021-01-09T23:20:40 IST" time="0.001" errors="0">
  <testcase name="Elemet" time="0.001" classname="LearningMaven.MvnTutorial.SelniumTest"/>
  <system-out/>
  <testcase name="webautomation" time="0.000" classname="LearningMaven.MvnTutorial.SelniumTest"/>
  <system-out/>
</testsuite> <!-- LearningMaven.MvnTutorial.SelniumTest -->
