<?xml version="1.0" encoding="UTF-8"?>
<!-- Generated by org.testng.reporters.JUnitReportReporter -->
<testsuite skipped="0" hostname="BLR131800121403" name="LearningMaven.MvnTutorial.APITest" tests="2" failures="0" timestamp="2021-01-09T23:20:40 IST" time="0.012" errors="0">
  <testcase name="Postman" time="0.007" classname="LearningMaven.MvnTutorial.APITest"/>
  <system-out/>
  <testcase name="Rest" time="0.005" classname="LearningMaven.MvnTutorial.APITest"/>
  <system-out/>
</testsuite> <!-- LearningMaven.MvnTutorial.APITest -->
