<?xml version="1.0" encoding="UTF-8"?>
<!-- Generated by org.testng.reporters.JUnitReportReporter -->
<testsuite skipped="0" hostname="BLR131800121403" name="Amazon.AppStore.LoginPage" tests="1" failures="0" timestamp="08 Mar 2021 17:05:21 GMT" time="9.933" errors="0">
  <testcase name="LoginPageFunc" time="9.933" classname="Amazon.AppStore.LoginPage"/>
</testsuite> <!-- Amazon.AppStore.LoginPage -->
